<?xml version="1.0" encoding="UTF-8"?>
<!-- Generated by org.testng.reporters.JUnitReportReporter -->
<testsuite hostname="DESKTOP-RKLJECA" failures="0" tests="1" name="test.AddCustomerTest" time="6.583" errors="0" timestamp="2022-07-22T17:15:38 CDT" skipped="0">
  <testcase classname="test.AddCustomerTest" name="userShouldBeAbleToCreateNewCustomer" time="6.583"/>
  <system-out/>
</testsuite> <!-- test.AddCustomerTest -->
