<?xml version="1.0" encoding="UTF-8"?>
<!-- Generated by org.testng.reporters.JUnitReportReporter -->
<testsuite hostname="DESKTOP-RKLJECA" failures="0" tests="1" name="test.LoginTest" time="5.209" errors="0" timestamp="2022-07-21T02:11:52 CDT" skipped="0">
  <testcase classname="test.LoginTest" name="validUserShoudBeAbleToLogin" time="5.209"/>
  <system-out/>
</testsuite> <!-- test.LoginTest -->
